# JRE version: OpenJDK Runtime Environment (11.0.13) (build 11.0.13+0-b1751.21-8125866)
# Java VM: OpenJDK 64-Bit Server VM (11.0.13+0-b1751.21-8125866, mixed mode, tiered, compressed oops, g1 gc, windows-amd64)
Heap:
 garbage-first heap   total 96256K, used 37387K [0x00000000a2200000, 0x0000000100000000)
  region size 1024K, 22 young (22528K), 7 survivors (7168K)
 Metaspace       used 32770K, capacity 33191K, committed 33408K, reserved 1079296K
  class space    used 4044K, capacity 4209K, committed 4224K, reserved 1048576K
GC Heap History (6 events):
Event: 3.149 GC heap before
{Heap before GC invocations=0 (full 0):
 garbage-first heap   total 96256K, used 28672K [0x00000000a2200000, 0x0000000100000000)
  region size 1024K, 24 young (24576K), 0 survivors (0K)
 Metaspace       used 12104K, capacity 12280K, committed 12544K, reserved 1060864K
  class space    used 1118K, capacity 1175K, committed 1280K, reserved 1048576K
}
Event: 3.153 GC heap after
{Heap after GC invocations=1 (full 0):
 garbage-first heap   total 96256K, used 6712K [0x00000000a2200000, 0x0000000100000000)
  region size 1024K, 3 young (3072K), 3 survivors (3072K)
 Metaspace       used 12104K, capacity 12280K, committed 12544K, reserved 1060864K
  class space    used 1118K, capacity 1175K, committed 1280K, reserved 1048576K
}
Event: 4.233 GC heap before
{Heap before GC invocations=1 (full 0):
 garbage-first heap   total 96256K, used 44600K [0x00000000a2200000, 0x0000000100000000)
  region size 1024K, 41 young (41984K), 3 survivors (3072K)
 Metaspace       used 21010K, capacity 21185K, committed 21248K, reserved 1069056K
  class space    used 2216K, capacity 2302K, committed 2304K, reserved 1048576K
}
Event: 4.244 GC heap after
{Heap after GC invocations=2 (full 0):
 garbage-first heap   total 96256K, used 10393K [0x00000000a2200000, 0x0000000100000000)
  region size 1024K, 7 young (7168K), 7 survivors (7168K)
 Metaspace       used 21010K, capacity 21185K, committed 21248K, reserved 1069056K
  class space    used 2216K, capacity 2302K, committed 2304K, reserved 1048576K
}
Event: 6.772 GC heap before
{Heap before GC invocations=3 (full 0):
 garbage-first heap   total 96256K, used 60569K [0x00000000a2200000, 0x0000000100000000)
  region size 1024K, 50 young (51200K), 7 survivors (7168K)
 Metaspace       used 30585K, capacity 31035K, committed 31232K, reserved 1077248K
  class space    used 3594K, capacity 3790K, committed 3840K, reserved 1048576K
}
Event: 6.799 GC heap after
{Heap after GC invocations=4 (full 0):
 garbage-first heap   total 96256K, used 23051K [0x00000000a2200000, 0x0000000100000000)
  region size 1024K, 7 young (7168K), 7 survivors (7168K)
 Metaspace       used 30585K, capacity 31035K, committed 31232K, reserved 1077248K
  class space    used 3594K, capacity 3790K, committed 3840K, reserved 1048576K
}

